<?xml version="1.0" encoding="UTF-8"?>
<testsuite xmlns:xsi="http://www.w3.org/2001/XMLSchema-instance" xsi:noNamespaceSchemaLocation="https://maven.apache.org/surefire/maven-surefire-plugin/xsd/surefire-test-report.xsd" version="3.0.2" name="com.demo.APIs.ApIsApplicationTests" time="36.485" tests="1" errors="0" skipped="0" failures="0">
  <properties>
[...]
</properties>
  <testcase name="contextLoads" classname="com.demo.APIs.ApIsApplicationTests" time="6.614">
    <system-out><![CDATA[13:25:12.390 [main] INFO org.springframework.test.context.support.AnnotationConfigContextLoaderUtils -- Could not detect default configuration classes for test class [com.demo.APIs.ApIsApplicationTests]: ApIsApplicationTests does not declare any static, non-private, non-final, nested classes annotated with @Configuration.
13:25:13.681 [main] INFO org.springframework.boot.test.context.SpringBootTestContextBootstrapper -- Found @SpringBootConfiguration com.demo.APIs.ApIsApplication for test class com.demo.APIs.ApIsApplicationTests

  .   ____          _            __ _ _
 /\\ / ___'_ __ _ _(_)_ __  __ _ \ \ \ \
( ( )\___ | '_ | '_| | '_ \/ _` | \ \ \ \
 \\/  ___)| |_)| | | | | || (_| |  ) ) ) )
  '  |____| .__|_| |_|_| |_\__, | / / / /
 =========|_|==============|___/=/_/_/_/

 :: Spring Boot ::                (v4.0.2)

2026-02-07T13:25:19.697+05:30  INFO 1504 --- [APIs] [           main] com.demo.APIs.ApIsApplicationTests       : Starting ApIsApplicationTests using Java 22.0.2 with PID 1504 (started by guestuser in E:\PATELAMAN\Projects\APIs)
2026-02-07T13:25:19.697+05:30  INFO 1504 --- [APIs] [           main] com.demo.APIs.ApIsApplicationTests       : No active profile set, falling back to 1 default profile: "default"
2026-02-07T13:25:34.555+05:30  INFO 1504 --- [APIs] [           main] o.s.v.b.OptionalValidatorFactoryBean     : Failed to set up a Bean Validation provider: jakarta.validation.NoProviderFoundException: Unable to create a Configuration, because no Jakarta Validation provider could be found. Add a provider like Hibernate Validator (RI) to your classpath.
2026-02-07T13:25:39.313+05:30  INFO 1504 --- [APIs] [           main] com.demo.APIs.ApIsApplicationTests       : Started ApIsApplicationTests in 23.875 seconds (process running for 35.732)
]]></system-out>
    <system-err><![CDATA[Mockito is currently self-attaching to enable the inline-mock-maker. This will no longer work in future releases of the JDK. Please add Mockito as an agent to your build as described in Mockito's documentation: https://javadoc.io/doc/org.mockito/mockito-core/latest/org.mockito/org/mockito/Mockito.html#0.3
WARNING: A Java agent has been loaded dynamically (C:\Users\guestuser\.m2\repository\net\bytebuddy\byte-buddy-agent\1.17.8\byte-buddy-agent-1.17.8.jar)
WARNING: If a serviceability tool is in use, please run with -XX:+EnableDynamicAgentLoading to hide this warning
WARNING: If a serviceability tool is not in use, please run with -Djdk.instrument.traceUsage for more information
WARNING: Dynamic loading of agents will be disallowed by default in a future release
]]></system-err>
  </testcase>
</testsuite>